<?xml version="1.0" encoding="UTF-8"?>
<testng-results skipped="0" failed="0" total="1" passed="1">
  <reporter-output>
    <line>
      <![CDATA[running testA method]]>
    </line>
  </reporter-output>
  <suite name="Default suite" duration-ms="78" started-at="2016-07-10T08:46:05Z" finished-at="2016-07-10T08:46:05Z">
    <groups>
    </groups>
    <test name="Default test" duration-ms="78" started-at="2016-07-10T08:46:05Z" finished-at="2016-07-10T08:46:05Z">
      <class name="com.qspiders.github.GitHubDemo">
        <test-method status="PASS" signature="testA()[pri:0, instance:com.qspiders.github.GitHubDemo@5056dfcb]" name="testA" duration-ms="24" started-at="2016-07-10T14:16:05Z" finished-at="2016-07-10T14:16:05Z">
          <reporter-output>
            <line>
              <![CDATA[running testA method]]>
            </line>
          </reporter-output>
        </test-method> <!-- testA -->
      </class> <!-- com.qspiders.github.GitHubDemo -->
    </test> <!-- Default test -->
  </suite> <!-- Default suite -->
</testng-results>
